<?xml version="1.0" encoding="UTF-8"?>
<!-- Generated by org.testng.reporters.JUnitReportReporter -->
<testsuite hostname="DESKTOP-9V9RBDJ" failures="0" tests="1" name="com.qa.tests.LoginTest" time="55.197" errors="0" timestamp="2023-01-03T13:58:28 IST" skipped="0">
  <testcase classname="com.qa.tests.LoginTest" name="loginFeature" time="55.197"/>
  <system-out/>
</testsuite> <!-- com.qa.tests.LoginTest -->
